

Version:	3.4
CmdLine:	C:\Users\amita_000\Google Drive\Programming\eclipse programmes\PDF Reorganizer\PDFReorganizer.exe --l4j-debug
WOW64:		yes
Working dir:	C:\Users\amita_000\Google Drive\Programming\eclipse programmes\PDF Reorganizer\.
64-bit search:	SOFTWARE\JavaSoft\Java Runtime Environment...
Check:		SOFTWARE\JavaSoft\Java Runtime Environment\1.8
Check launcher:	C:\Program Files\Java\jre1.8.0_25\bin\javaw.exe (OK)
Match:		1.8
Check:		SOFTWARE\JavaSoft\Java Runtime Environment\1.8.0_25
Check launcher:	C:\Program Files\Java\jre1.8.0_25\bin\javaw.exe (OK)
Match:		1.8.0_25
64-bit search:	SOFTWARE\JavaSoft\Java Development Kit...
Check:		SOFTWARE\JavaSoft\Java Development Kit\1.8
Ignore:		1.8
Check:		SOFTWARE\JavaSoft\Java Development Kit\1.8.0_20
Ignore:		1.8.0_20
Runtime used:	1.8.0_25 (64-bit)
Launcher:	C:\Program Files\Java\jre1.8.0_25\bin\javaw.exe
Launcher args:	-jar "C:\Users\amita_000\Google Drive\Programming\eclipse programmes\PDF Reorganizer\PDFReorganizer.exe"
Args length:	104/32768 chars
Exit code:	0


Version:	3.4
CmdLine:	C:\Users\amita_000\Google Drive\Programming\eclipse programmes\PDF Reorganizer\PDFReorganizer.exe --l4j-debug
WOW64:		yes
Working dir:	C:\Users\amita_000\Google Drive\Programming\eclipse programmes\PDF Reorganizer\.
64-bit search:	SOFTWARE\JavaSoft\Java Runtime Environment...
Check:		SOFTWARE\JavaSoft\Java Runtime Environment\1.8
Check launcher:	C:\Program Files\Java\jre1.8.0_25\bin\javaw.exe (OK)
Match:		1.8
Check:		SOFTWARE\JavaSoft\Java Runtime Environment\1.8.0_25
Check launcher:	C:\Program Files\Java\jre1.8.0_25\bin\javaw.exe (OK)
Match:		1.8.0_25
64-bit search:	SOFTWARE\JavaSoft\Java Development Kit...
Check:		SOFTWARE\JavaSoft\Java Development Kit\1.8
Ignore:		1.8
Check:		SOFTWARE\JavaSoft\Java Development Kit\1.8.0_20
Ignore:		1.8.0_20
Runtime used:	1.8.0_25 (64-bit)
Launcher:	C:\Program Files\Java\jre1.8.0_25\bin\javaw.exe
Launcher args:	-jar "C:\Users\amita_000\Google Drive\Programming\eclipse programmes\PDF Reorganizer\PDFReorganizer.exe"
Args length:	104/32768 chars
Exit code:	0


Version:	3.4
CmdLine:	C:\Users\amita_000\Google Drive\Programming\eclipse programmes\PDF Reorganizer\PDFReorganizer.exe --l4j-debug
WOW64:		yes
Working dir:	C:\Users\amita_000\Google Drive\Programming\eclipse programmes\PDF Reorganizer\.
64-bit search:	SOFTWARE\JavaSoft\Java Runtime Environment...
Check:		SOFTWARE\JavaSoft\Java Runtime Environment\1.8
Check launcher:	C:\Program Files\Java\jre1.8.0_25\bin\javaw.exe (OK)
Match:		1.8
Check:		SOFTWARE\JavaSoft\Java Runtime Environment\1.8.0_25
Check launcher:	C:\Program Files\Java\jre1.8.0_25\bin\javaw.exe (OK)
Match:		1.8.0_25
64-bit search:	SOFTWARE\JavaSoft\Java Development Kit...
Check:		SOFTWARE\JavaSoft\Java Development Kit\1.8
Ignore:		1.8
Check:		SOFTWARE\JavaSoft\Java Development Kit\1.8.0_20
Ignore:		1.8.0_20
Runtime used:	1.8.0_25 (64-bit)
Launcher:	C:\Program Files\Java\jre1.8.0_25\bin\javaw.exe
Launcher args:	-jar "C:\Users\amita_000\Google Drive\Programming\eclipse programmes\PDF Reorganizer\PDFReorganizer.exe"
Args length:	104/32768 chars
Exit code:	0


Version:	3.4
CmdLine:	C:\Users\amita_000\Google Drive\Programming\eclipse programmes\PDF Reorganizer\PDFReorganizer.exe --l4j-debug
WOW64:		yes
Working dir:	C:\Users\amita_000\Google Drive\Programming\eclipse programmes\PDF Reorganizer\.
64-bit search:	SOFTWARE\JavaSoft\Java Runtime Environment...
Check:		SOFTWARE\JavaSoft\Java Runtime Environment\1.8
Check launcher:	C:\Program Files\Java\jre1.8.0_25\bin\javaw.exe (OK)
Match:		1.8
Check:		SOFTWARE\JavaSoft\Java Runtime Environment\1.8.0_25
Check launcher:	C:\Program Files\Java\jre1.8.0_25\bin\javaw.exe (OK)
Match:		1.8.0_25
64-bit search:	SOFTWARE\JavaSoft\Java Development Kit...
Check:		SOFTWARE\JavaSoft\Java Development Kit\1.8
Ignore:		1.8
Check:		SOFTWARE\JavaSoft\Java Development Kit\1.8.0_20
Ignore:		1.8.0_20
Runtime used:	1.8.0_25 (64-bit)
Launcher:	C:\Program Files\Java\jre1.8.0_25\bin\javaw.exe
Launcher args:	-jar "C:\Users\amita_000\Google Drive\Programming\eclipse programmes\PDF Reorganizer\PDFReorganizer.exe"
Args length:	104/32768 chars
Exit code:	0
